
> expo-atlas@1.0.0 start
> expo start

env: load .env
env: export EXPO_PUBLIC_CLERK_PUBLISHABLE_KEY CLERK_SECRET_KEY EXPO_PUBLIC_SUPABASE_URL EXPO_PUBLIC_SUPABASE_ANON_KEY
Starting project at /mnt/c/Projekt/WSL-SHARED/Expo-Atlas
Starting Metro Bundler
Waiting on http://localhost:8081
Logs for your project will appear below.
Web ./index.ts ░░░░░░░░░░░░░░░░  0.0% (0/1)
Web ./index.ts ▓▓▓▓▓▓▓▓▓▓▓▓▓▓▓░ 98.6% (138/139)
Web ./index.ts ▓▓▓▓▓▓▓▓▓▓▓▓▓▓▓░ 99.9% (139/139)
Web ./index.ts ▓▓▓▓▓▓▓▓▓▓▓▓▓▓▓░ 99.9% (304/455)
Web ./index.ts ▓▓▓▓▓▓▓▓▓▓▓▓▓▓▓░ 99.9% (598/806)
Web ./index.ts ▓▓▓▓▓▓▓▓▓▓▓▓▓▓▓░ 99.9% (1054/1081)
Web ./index.ts ▓▓▓▓▓▓▓▓▓▓▓▓▓▓▓░ 99.9% (1161/1166)
Web ./index.ts ▓▓▓▓▓▓▓▓▓▓▓▓▓▓▓░ 99.9% (1165/1168)
Web ./index.ts ▓▓▓▓▓▓▓▓▓▓▓▓▓▓▓░ 99.9% (1166/1168)
Web ./index.ts ▓▓▓▓▓▓▓▓▓▓▓▓▓▓▓░ 99.9% (1180/1181)
Web ./index.ts ▓▓▓▓▓▓▓▓▓▓▓▓▓▓▓░ 99.9% (1181/1181)
Web Bundled 55969ms index.ts (1181 modules)
Web ./index.ts ░░░░░░░░░░░░░░░░  0.0% (0/1)
Web Bundled 51ms index.ts (1 module)
Web ./index.ts ░░░░░░░░░░░░░░░░  0.0% (0/1)
Web Bundled 47ms index.ts (1 module)
Web ./index.ts ░░░░░░░░░░░░░░░░  0.0% (0/1)
Web Bundled 55ms index.ts (1 module)
Web ./index.ts ░░░░░░░░░░░░░░░░  0.0% (0/1)
Web Bundled 57ms index.ts (1 module)
Web ./index.ts ░░░░░░░░░░░░░░░░  0.0% (0/1)
Web Bundled 8761ms index.ts (1 module)
Web ./index.ts ░░░░░░░░░░░░░░░░  0.0% (0/1)
